Performing C SOURCE FILE Test CMAKE_HAVE_LIBC_PTHREAD failed with the following output:
Change Dir: /home/daeunsong/devel/hpp/src/talos-data/build-rel/CMakeFiles/CMakeTmp

Run Build Command(s):/usr/bin/make cmTC_98b1f/fast && /usr/bin/make -f CMakeFiles/cmTC_98b1f.dir/build.make CMakeFiles/cmTC_98b1f.dir/build
make[1]: Entering directory '/home/daeunsong/devel/hpp/src/talos-data/build-rel/CMakeFiles/CMakeTmp'
Building C object CMakeFiles/cmTC_98b1f.dir/src.c.o
/usr/bin/cc   -DCMAKE_HAVE_LIBC_PTHREAD   -o CMakeFiles/cmTC_98b1f.dir/src.c.o   -c /home/daeunsong/devel/hpp/src/talos-data/build-rel/CMakeFiles/CMakeTmp/src.c
Linking C executable cmTC_98b1f
/usr/local/bin/cmake -E cmake_link_script CMakeFiles/cmTC_98b1f.dir/link.txt --verbose=1
/usr/bin/cc  -DCMAKE_HAVE_LIBC_PTHREAD    -rdynamic CMakeFiles/cmTC_98b1f.dir/src.c.o  -o cmTC_98b1f 
CMakeFiles/cmTC_98b1f.dir/src.c.o: In function `main':
src.c:(.text+0x3c): undefined reference to `pthread_create'
src.c:(.text+0x48): undefined reference to `pthread_detach'
src.c:(.text+0x59): undefined reference to `pthread_join'
src.c:(.text+0x6d): undefined reference to `pthread_atfork'
collect2: error: ld returned 1 exit status
CMakeFiles/cmTC_98b1f.dir/build.make:86: recipe for target 'cmTC_98b1f' failed
make[1]: *** [cmTC_98b1f] Error 1
make[1]: Leaving directory '/home/daeunsong/devel/hpp/src/talos-data/build-rel/CMakeFiles/CMakeTmp'
Makefile:121: recipe for target 'cmTC_98b1f/fast' failed
make: *** [cmTC_98b1f/fast] Error 2


Source file was:
#include <pthread.h>

void* test_func(void* data)
{
  return data;
}

int main(void)
{
  pthread_t thread;
  pthread_create(&thread, NULL, test_func, NULL);
  pthread_detach(thread);
  pthread_join(thread, NULL);
  pthread_atfork(NULL, NULL, NULL);
  pthread_exit(NULL);

  return 0;
}

Determining if the function pthread_create exists in the pthreads failed with the following output:
Change Dir: /home/daeunsong/devel/hpp/src/talos-data/build-rel/CMakeFiles/CMakeTmp

Run Build Command(s):/usr/bin/make cmTC_8f4e4/fast && /usr/bin/make -f CMakeFiles/cmTC_8f4e4.dir/build.make CMakeFiles/cmTC_8f4e4.dir/build
make[1]: Entering directory '/home/daeunsong/devel/hpp/src/talos-data/build-rel/CMakeFiles/CMakeTmp'
Building C object CMakeFiles/cmTC_8f4e4.dir/CheckFunctionExists.c.o
/usr/bin/cc   -DCHECK_FUNCTION_EXISTS=pthread_create   -o CMakeFiles/cmTC_8f4e4.dir/CheckFunctionExists.c.o   -c /usr/local/share/cmake-3.16/Modules/CheckFunctionExists.c
Linking C executable cmTC_8f4e4
/usr/local/bin/cmake -E cmake_link_script CMakeFiles/cmTC_8f4e4.dir/link.txt --verbose=1
/usr/bin/cc  -DCHECK_FUNCTION_EXISTS=pthread_create    -rdynamic CMakeFiles/cmTC_8f4e4.dir/CheckFunctionExists.c.o  -o cmTC_8f4e4  -lpthreads 
/usr/bin/ld: cannot find -lpthreads
collect2: error: ld returned 1 exit status
CMakeFiles/cmTC_8f4e4.dir/build.make:86: recipe for target 'cmTC_8f4e4' failed
make[1]: *** [cmTC_8f4e4] Error 1
make[1]: Leaving directory '/home/daeunsong/devel/hpp/src/talos-data/build-rel/CMakeFiles/CMakeTmp'
Makefile:121: recipe for target 'cmTC_8f4e4/fast' failed
make: *** [cmTC_8f4e4/fast] Error 2



