This file contains any messages produced by compilers while
running CMake, to aid debugging if configure makes a mistake.

It was created by talos_data CMake configuration process 1.2.2, which was
generated by CMake 3.16.5.

## --------- ##
## Platform. ##
## --------- ##

hostname = glab
system = Linux-4.15.0-101-generic
processor = x86_64
generator = Unix Makefiles

PATH /home/daeunsong/devel/hpp/install/sbin
PATH /home/daeunsong/devel/hpp/install/bin
PATH /opt/ros/kinetic/bin
PATH /opt/openrobots/bin
PATH /home/daeunsong/bin
PATH /home/daeunsong/.local/bin
PATH /usr/local/sbin
PATH /usr/local/bin
PATH /usr/sbin
PATH /usr/bin
PATH /sbin
PATH /bin
PATH /usr/games
PATH /usr/local/games
PATH /snap/bin
PATH /usr/lib/ccache
PATH /opt/gurobi811/linux64/bin
PATH /usr/local/bin

PKG_CONFIG_PATH /home/daeunsong/devel/hpp/install/lib/pkgconfig
PKG_CONFIG_PATH /opt/ros/kinetic/lib/pkgconfig
PKG_CONFIG_PATH /opt/ros/kinetic/lib/x86_64-linux-gnu/pkgconfig
PKG_CONFIG_PATH /opt/openrobots/lib/pkgconfig
PKG_CONFIG_PATH /opt/openrobots
PKG_CONFIG_PATH /opt/openrobots/lib/pkgconfig

## ---------------- ##
## CMake variables. ##
## ---------------- ##

CMAKE_ROOT = /usr/local/share/cmake-3.16
CMAKE_INCLUDE_PATH = 
CMAKE_LIBRARY_PATH = 
CMAKE_PREFIX_PATH = /home/daeunsong/devel/hpp/src/talos-data/build-rel/devel;/home/daeunsong/devel/hpp/install;/opt/ros/kinetic;/opt/openrobots;/opt/openrobots
CMAKE_INSTALL_ALWAYS = 
CMAKE_SKIP_RPATH = NO
CMAKE_SUPPRESS_REGENERATION = 
BUILD_SHARED_LIBS = ON

CMAKE_INSTALL_PREFIX = /usr/local
PROJECT_SOURCE_DIR = /home/daeunsong/devel/hpp/src/talos-data
PROJECT_SOURCE_DIR = /home/daeunsong/devel/hpp/src/talos-data
PROJECT_BINARY_DIR = /home/daeunsong/devel/hpp/src/talos-data/build-rel
CMAKE_BINARY_DIR = /home/daeunsong/devel/hpp/src/talos-data/build-rel

CMAKE_AR = /usr/bin/ar
CMAKE_RANLIB = /usr/bin/ranlib
CMAKE_BUILD_TYPE = 
CMAKE_CONFIGURATION_TYPES = 
CMAKE_SHARED_LINKER_FLAGS = 

CMAKE_C_COMPILER = /usr/bin/cc
CMAKE_C_FLAGS = 
CMAKE_C_FLAGS_DEBUG = -g
CMAKE_C_FLAGS_RELEASE = -O3 -DNDEBUG
CMAKE_CXX_COMPILER = /usr/bin/c++
CMAKE_CXX_FLAGS =  -pedantic -Wno-long-long -Wall -Wextra -Wcast-align -Wcast-qual -Wformat -Wwrite-strings -Wconversion 
CMAKE_CXX_FLAGS_DEBUG = -g
CMAKE_CXX_FLAGS_RELEASE = -O3 -DNDEBUG
CMAKE_CXX_FLAGS_RELWITHDEBINFO = -O2 -g -DNDEBUG

CMAKE_STATIC_LIBRARY_PREFIX = lib
CMAKE_STATIC_LIBRARY_SUFFIX = .a
CMAKE_SHARED_LIBRARY_PREFIX = lib
CMAKE_SHARED_LIBRARY_SUFFIX = .so
CMAKE_SHARED_MODULE_PREFIX = lib
CMAKE_SHARED_MODULE_SUFFIX = .so

## ------------------ ##
## Watched variables. ##
## ------------------ ##

WARNING_CXX_FLAGS =  -pedantic -Wno-long-long -Wall -Wextra -Wcast-align -Wcast-qual -Wformat -Wwrite-strings -Wconversion
_PKG_CONFIG_FOUND = undefined
PKG_CONFIG_EXECUTABLE = /usr/bin/pkg-config
_PKG_CONFIG_PREFIX = /usr/local
_PKG_CONFIG_EXEC_PREFIX = /usr/local
_PKG_CONFIG_LIBDIR = /usr/local/lib
_PKG_CONFIG_BINDIR = /usr/local/bin
_PKG_CONFIG_PKGLIBDIR = /usr/local/lib/talos_data
_PKG_CONFIG_INCLUDEDIR = /usr/local/include
_PKG_CONFIG_DATAROOTDIR = /usr/local/share
_PKG_CONFIG_PKGDATAROOTDIR = /usr/local/share
_PKG_CONFIG_DOCDIR = /usr/local/share/doc/talos_data
_PKG_CONFIG_DOXYGENDOCDIR = /usr/local/share/doc/talos_data/doxygen-html
_PKG_CONFIG_PROJECT_NAME = talos_data
_PKG_CONFIG_DESCRIPTION = Talos urdf model, srdf model and other data
_PKG_CONFIG_URL = https://gepgitlab.laas.fr/pyrene-dev/talos_data
_PKG_CONFIG_VERSION = 1.2.2
_PKG_CONFIG_REQUIRES = 
_PKG_CONFIG_REQUIRES_DEBUG = 
_PKG_CONFIG_REQUIRES_OPTIMIZED = 
_PKG_CONFIG_COMPILE_TIME_REQUIRES = 
_PKG_CONFIG_CONFLICTS = 
_PKG_CONFIG_LIBS = 
_PKG_CONFIG_LIBS_DEBUG = -L${libdir}
_PKG_CONFIG_LIBS_OPTIMIZED = -L${libdir}
_PKG_CONFIG_LIBS_PRIVATE = 
_PKG_CONFIG_CFLAGS = -I${includedir}
_PKG_CONFIG_CFLAGS_DEBUG = 
_PKG_CONFIG_CFLAGS_OPTIMIZED = 
_PKG_CONFIG_FILENAME = talos_data.pc
PKG_CONFIG_EXTRA = 
DOXYGEN_SKIP_DOT = undefined
DOXYGEN_EXECUTABLE = /usr/bin/doxygen
DOXYGEN_FOUND = YES
DOXYGEN_DOT_EXECUTABLE = /usr/bin/dot
DOXYGEN_DOT_FOUND = YES
DOXYGEN_DOT_PATH = /usr/bin
DOXYGEN_DOT_IMAGE_FORMAT = undefined
DOXYGEN_USE_MATHJAX = YES
DOXYGEN_USE_TEMPLATE_CSS = undefined
## ---------------- ##
## Watched targets. ##
## ---------------- ##

